# JRE version: OpenJDK Runtime Environment Temurin-17.0.8.1+1 (17.0.8.1+1) (build 17.0.8.1+1)
# Java VM: OpenJDK 64-Bit Server VM Temurin-17.0.8.1+1 (17.0.8.1+1, mixed mode, tiered, compressed oops, compressed class ptrs, parallel gc, windows-amd64)
GC Precious Log:
 CPUs: 8 total, 8 available
 Memory: 7877M
 Large Page Support: Disabled
 NUMA Support: Disabled
 Compressed Oops: Enabled (32-bit)
 Alignments: Space 512K, Generation 512K, Heap 2M
 Heap Min Capacity: 100M
 Heap Initial Capacity: 100M
 Heap Max Capacity: 1G
 Pre-touch: Disabled
 Parallel Workers: 8
Heap:
 PSYoungGen      total 2048K, used 384K [0x00000000eab00000, 0x00000000eae00000, 0x0000000100000000)
  eden space 1536K, 0% used [0x00000000eab00000,0x00000000eab00000,0x00000000eac80000)
  from space 512K, 75% used [0x00000000ead00000,0x00000000ead60000,0x00000000ead80000)
  to   space 512K, 0% used [0x00000000ead80000,0x00000000ead80000,0x00000000eae00000)
 ParOldGen       total 202240K, used 201992K [0x00000000c0000000, 0x00000000cc580000, 0x00000000eab00000)
  object space 202240K, 99% used [0x00000000c0000000,0x00000000cc5423f0,0x00000000cc580000)
 Metaspace       used 63635K, committed 64640K, reserved 1114112K
  class space    used 7301K, committed 7744K, reserved 1048576K
GC Heap History (20 events):
Event: 37.525 GC heap before
{Heap before GC invocations=265 (full 8):
 PSYoungGen      total 2048K, used 1976K [0x00000000eab00000, 0x00000000eae00000, 0x0000000100000000)
  eden space 1536K, 100% used [0x00000000eab00000,0x00000000eac80000,0x00000000eac80000)
  from space 512K, 86% used [0x00000000ead80000,0x00000000eadee3d8,0x00000000eae00000)
  to   space 512K, 0% used [0x00000000ead00000,0x00000000ead00000,0x00000000ead80000)
 ParOldGen       total 202240K, used 201087K [0x00000000c0000000, 0x00000000cc580000, 0x00000000eab00000)
  object space 202240K, 99% used [0x00000000c0000000,0x00000000cc45fe00,0x00000000cc580000)
 Metaspace       used 63635K, committed 64640K, reserved 1114112K
  class space    used 7301K, committed 7744K, reserved 1048576K
}
Event: 37.527 GC heap after
{Heap after GC invocations=265 (full 8):
 PSYoungGen      total 2048K, used 432K [0x00000000eab00000, 0x00000000eae00000, 0x0000000100000000)
  eden space 1536K, 0% used [0x00000000eab00000,0x00000000eab00000,0x00000000eac80000)
  from space 512K, 84% used [0x00000000ead00000,0x00000000ead6c070,0x00000000ead80000)
  to   space 512K, 0% used [0x00000000ead80000,0x00000000ead80000,0x00000000eae00000)
 ParOldGen       total 202240K, used 201442K [0x00000000c0000000, 0x00000000cc580000, 0x00000000eab00000)
  object space 202240K, 99% used [0x00000000c0000000,0x00000000cc4b8940,0x00000000cc580000)
 Metaspace       used 63635K, committed 64640K, reserved 1114112K
  class space    used 7301K, committed 7744K, reserved 1048576K
}
Event: 37.549 GC heap before
{Heap before GC invocations=266 (full 8):
 PSYoungGen      total 2048K, used 1968K [0x00000000eab00000, 0x00000000eae00000, 0x0000000100000000)
  eden space 1536K, 100% used [0x00000000eab00000,0x00000000eac80000,0x00000000eac80000)
  from space 512K, 84% used [0x00000000ead00000,0x00000000ead6c070,0x00000000ead80000)
  to   space 512K, 0% used [0x00000000ead80000,0x00000000ead80000,0x00000000eae00000)
 ParOldGen       total 202240K, used 201442K [0x00000000c0000000, 0x00000000cc580000, 0x00000000eab00000)
  object space 202240K, 99% used [0x00000000c0000000,0x00000000cc4b8940,0x00000000cc580000)
 Metaspace       used 63635K, committed 64640K, reserved 1114112K
  class space    used 7301K, committed 7744K, reserved 1048576K
}
Event: 37.551 GC heap after
{Heap after GC invocations=266 (full 8):
 PSYoungGen      total 2048K, used 452K [0x00000000eab00000, 0x00000000eae00000, 0x0000000100000000)
  eden space 1536K, 0% used [0x00000000eab00000,0x00000000eab00000,0x00000000eac80000)
  from space 512K, 88% used [0x00000000ead80000,0x00000000eadf11e0,0x00000000eae00000)
  to   space 512K, 0% used [0x00000000ead00000,0x00000000ead00000,0x00000000ead80000)
 ParOldGen       total 202240K, used 201817K [0x00000000c0000000, 0x00000000cc580000, 0x00000000eab00000)
  object space 202240K, 99% used [0x00000000c0000000,0x00000000cc516598,0x00000000cc580000)
 Metaspace       used 63635K, committed 64640K, reserved 1114112K
  class space    used 7301K, committed 7744K, reserved 1048576K
}
Event: 37.589 GC heap before
{Heap before GC invocations=267 (full 8):
 PSYoungGen      total 2048K, used 1987K [0x00000000eab00000, 0x00000000eae00000, 0x0000000100000000)
  eden space 1536K, 99% used [0x00000000eab00000,0x00000000eac7fdb0,0x00000000eac80000)
  from space 512K, 88% used [0x00000000ead80000,0x00000000eadf11e0,0x00000000eae00000)
  to   space 512K, 0% used [0x00000000ead00000,0x00000000ead00000,0x00000000ead80000)
 ParOldGen       total 202240K, used 201817K [0x00000000c0000000, 0x00000000cc580000, 0x00000000eab00000)
  object space 202240K, 99% used [0x00000000c0000000,0x00000000cc516598,0x00000000cc580000)
 Metaspace       used 63635K, committed 64640K, reserved 1114112K
  class space    used 7301K, committed 7744K, reserved 1048576K
}
Event: 37.590 GC heap after
{Heap after GC invocations=267 (full 8):
 PSYoungGen      total 2048K, used 434K [0x00000000eab00000, 0x00000000eae00000, 0x0000000100000000)
  eden space 1536K, 0% used [0x00000000eab00000,0x00000000eab00000,0x00000000eac80000)
  from space 512K, 84% used [0x00000000ead00000,0x00000000ead6ca40,0x00000000ead80000)
  to   space 512K, 0% used [0x00000000ead80000,0x00000000ead80000,0x00000000eae00000)
 ParOldGen       total 202240K, used 202196K [0x00000000c0000000, 0x00000000cc580000, 0x00000000eab00000)
  object space 202240K, 99% used [0x00000000c0000000,0x00000000cc575310,0x00000000cc580000)
 Metaspace       used 63635K, committed 64640K, reserved 1114112K
  class space    used 7301K, committed 7744K, reserved 1048576K
}
Event: 37.590 GC heap before
{Heap before GC invocations=268 (full 9):
 PSYoungGen      total 2048K, used 434K [0x00000000eab00000, 0x00000000eae00000, 0x0000000100000000)
  eden space 1536K, 0% used [0x00000000eab00000,0x00000000eab00000,0x00000000eac80000)
  from space 512K, 84% used [0x00000000ead00000,0x00000000ead6ca40,0x00000000ead80000)
  to   space 512K, 0% used [0x00000000ead80000,0x00000000ead80000,0x00000000eae00000)
 ParOldGen       total 202240K, used 202196K [0x00000000c0000000, 0x00000000cc580000, 0x00000000eab00000)
  object space 202240K, 99% used [0x00000000c0000000,0x00000000cc575310,0x00000000cc580000)
 Metaspace       used 63635K, committed 64640K, reserved 1114112K
  class space    used 7301K, committed 7744K, reserved 1048576K
}
Event: 37.704 GC heap after
{Heap after GC invocations=268 (full 9):
 PSYoungGen      total 2048K, used 0K [0x00000000eab00000, 0x00000000eae00000, 0x0000000100000000)
  eden space 1536K, 0% used [0x00000000eab00000,0x00000000eab00000,0x00000000eac80000)
  from space 512K, 0% used [0x00000000ead80000,0x00000000ead80000,0x00000000eae00000)
  to   space 512K, 0% used [0x00000000ead00000,0x00000000ead00000,0x00000000ead80000)
 ParOldGen       total 202240K, used 199948K [0x00000000c0000000, 0x00000000cc580000, 0x00000000eab00000)
  object space 202240K, 98% used [0x00000000c0000000,0x00000000cc3430a8,0x00000000cc580000)
 Metaspace       used 63635K, committed 64640K, reserved 1114112K
  class space    used 7301K, committed 7744K, reserved 1048576K
}
Event: 37.733 GC heap before
{Heap before GC invocations=269 (full 9):
 PSYoungGen      total 2048K, used 1536K [0x00000000eab00000, 0x00000000eae00000, 0x0000000100000000)
  eden space 1536K, 100% used [0x00000000eab00000,0x00000000eac80000,0x00000000eac80000)
  from space 512K, 0% used [0x00000000ead80000,0x00000000ead80000,0x00000000eae00000)
  to   space 512K, 0% used [0x00000000ead00000,0x00000000ead00000,0x00000000ead80000)
 ParOldGen       total 202240K, used 199948K [0x00000000c0000000, 0x00000000cc580000, 0x00000000eab00000)
  object space 202240K, 98% used [0x00000000c0000000,0x00000000cc3430a8,0x00000000cc580000)
 Metaspace       used 63635K, committed 64640K, reserved 1114112K
  class space    used 7301K, committed 7744K, reserved 1048576K
}
Event: 37.734 GC heap after
{Heap after GC invocations=269 (full 9):
 PSYoungGen      total 2048K, used 448K [0x00000000eab00000, 0x00000000eae00000, 0x0000000100000000)
  eden space 1536K, 0% used [0x00000000eab00000,0x00000000eab00000,0x00000000eac80000)
  from space 512K, 87% used [0x00000000ead00000,0x00000000ead70000,0x00000000ead80000)
  to   space 512K, 0% used [0x00000000ead80000,0x00000000ead80000,0x00000000eae00000)
 ParOldGen       total 202240K, used 199948K [0x00000000c0000000, 0x00000000cc580000, 0x00000000eab00000)
  object space 202240K, 98% used [0x00000000c0000000,0x00000000cc3430a8,0x00000000cc580000)
 Metaspace       used 63635K, committed 64640K, reserved 1114112K
  class space    used 7301K, committed 7744K, reserved 1048576K
}
Event: 37.757 GC heap before
{Heap before GC invocations=270 (full 9):
 PSYoungGen      total 2048K, used 1984K [0x00000000eab00000, 0x00000000eae00000, 0x0000000100000000)
  eden space 1536K, 100% used [0x00000000eab00000,0x00000000eac80000,0x00000000eac80000)
  from space 512K, 87% used [0x00000000ead00000,0x00000000ead70000,0x00000000ead80000)
  to   space 512K, 0% used [0x00000000ead80000,0x00000000ead80000,0x00000000eae00000)
 ParOldGen       total 202240K, used 199948K [0x00000000c0000000, 0x00000000cc580000, 0x00000000eab00000)
  object space 202240K, 98% used [0x00000000c0000000,0x00000000cc3430a8,0x00000000cc580000)
 Metaspace       used 63635K, committed 64640K, reserved 1114112K
  class space    used 7301K, committed 7744K, reserved 1048576K
}
Event: 37.759 GC heap after
{Heap after GC invocations=270 (full 9):
 PSYoungGen      total 2048K, used 416K [0x00000000eab00000, 0x00000000eae00000, 0x0000000100000000)
  eden space 1536K, 0% used [0x00000000eab00000,0x00000000eab00000,0x00000000eac80000)
  from space 512K, 81% used [0x00000000ead80000,0x00000000eade8000,0x00000000eae00000)
  to   space 512K, 0% used [0x00000000ead00000,0x00000000ead00000,0x00000000ead80000)
 ParOldGen       total 202240K, used 200272K [0x00000000c0000000, 0x00000000cc580000, 0x00000000eab00000)
  object space 202240K, 99% used [0x00000000c0000000,0x00000000cc394110,0x00000000cc580000)
 Metaspace       used 63635K, committed 64640K, reserved 1114112K
  class space    used 7301K, committed 7744K, reserved 1048576K
}
Event: 37.771 GC heap before
{Heap before GC invocations=271 (full 9):
 PSYoungGen      total 2048K, used 1952K [0x00000000eab00000, 0x00000000eae00000, 0x0000000100000000)
  eden space 1536K, 100% used [0x00000000eab00000,0x00000000eac80000,0x00000000eac80000)
  from space 512K, 81% used [0x00000000ead80000,0x00000000eade8000,0x00000000eae00000)
  to   space 512K, 0% used [0x00000000ead00000,0x00000000ead00000,0x00000000ead80000)
 ParOldGen       total 202240K, used 200272K [0x00000000c0000000, 0x00000000cc580000, 0x00000000eab00000)
  object space 202240K, 99% used [0x00000000c0000000,0x00000000cc394110,0x00000000cc580000)
 Metaspace       used 63635K, committed 64640K, reserved 1114112K
  class space    used 7301K, committed 7744K, reserved 1048576K
}
Event: 37.772 GC heap after
{Heap after GC invocations=271 (full 9):
 PSYoungGen      total 2048K, used 480K [0x00000000eab00000, 0x00000000eae00000, 0x0000000100000000)
  eden space 1536K, 0% used [0x00000000eab00000,0x00000000eab00000,0x00000000eac80000)
  from space 512K, 93% used [0x00000000ead00000,0x00000000ead78000,0x00000000ead80000)
  to   space 512K, 0% used [0x00000000ead80000,0x00000000ead80000,0x00000000eae00000)
 ParOldGen       total 202240K, used 200618K [0x00000000c0000000, 0x00000000cc580000, 0x00000000eab00000)
  object space 202240K, 99% used [0x00000000c0000000,0x00000000cc3eabe0,0x00000000cc580000)
 Metaspace       used 63635K, committed 64640K, reserved 1114112K
  class space    used 7301K, committed 7744K, reserved 1048576K
}
Event: 37.782 GC heap before
{Heap before GC invocations=272 (full 9):
 PSYoungGen      total 2048K, used 2016K [0x00000000eab00000, 0x00000000eae00000, 0x0000000100000000)
  eden space 1536K, 100% used [0x00000000eab00000,0x00000000eac80000,0x00000000eac80000)
  from space 512K, 93% used [0x00000000ead00000,0x00000000ead78000,0x00000000ead80000)
  to   space 512K, 0% used [0x00000000ead80000,0x00000000ead80000,0x00000000eae00000)
 ParOldGen       total 202240K, used 200618K [0x00000000c0000000, 0x00000000cc580000, 0x00000000eab00000)
  object space 202240K, 99% used [0x00000000c0000000,0x00000000cc3eabe0,0x00000000cc580000)
 Metaspace       used 63635K, committed 64640K, reserved 1114112K
  class space    used 7301K, committed 7744K, reserved 1048576K
}
Event: 37.784 GC heap after
{Heap after GC invocations=272 (full 9):
 PSYoungGen      total 2048K, used 407K [0x00000000eab00000, 0x00000000eae00000, 0x0000000100000000)
  eden space 1536K, 0% used [0x00000000eab00000,0x00000000eab00000,0x00000000eac80000)
  from space 512K, 79% used [0x00000000ead80000,0x00000000eade5d28,0x00000000eae00000)
  to   space 512K, 0% used [0x00000000ead00000,0x00000000ead00000,0x00000000ead80000)
 ParOldGen       total 202240K, used 200973K [0x00000000c0000000, 0x00000000cc580000, 0x00000000eab00000)
  object space 202240K, 99% used [0x00000000c0000000,0x00000000cc443418,0x00000000cc580000)
 Metaspace       used 63635K, committed 64640K, reserved 1114112K
  class space    used 7301K, committed 7744K, reserved 1048576K
}
Event: 37.796 GC heap before
{Heap before GC invocations=273 (full 9):
 PSYoungGen      total 2048K, used 1943K [0x00000000eab00000, 0x00000000eae00000, 0x0000000100000000)
  eden space 1536K, 100% used [0x00000000eab00000,0x00000000eac80000,0x00000000eac80000)
  from space 512K, 79% used [0x00000000ead80000,0x00000000eade5d28,0x00000000eae00000)
  to   space 512K, 0% used [0x00000000ead00000,0x00000000ead00000,0x00000000ead80000)
 ParOldGen       total 202240K, used 200973K [0x00000000c0000000, 0x00000000cc580000, 0x00000000eab00000)
  object space 202240K, 99% used [0x00000000c0000000,0x00000000cc443418,0x00000000cc580000)
 Metaspace       used 63635K, committed 64640K, reserved 1114112K
  class space    used 7301K, committed 7744K, reserved 1048576K
}
Event: 37.798 GC heap after
{Heap after GC invocations=273 (full 9):
 PSYoungGen      total 2048K, used 480K [0x00000000eab00000, 0x00000000eae00000, 0x0000000100000000)
  eden space 1536K, 0% used [0x00000000eab00000,0x00000000eab00000,0x00000000eac80000)
  from space 512K, 93% used [0x00000000ead00000,0x00000000ead78000,0x00000000ead80000)
  to   space 512K, 0% used [0x00000000ead80000,0x00000000ead80000,0x00000000eae00000)
 ParOldGen       total 202240K, used 201322K [0x00000000c0000000, 0x00000000cc580000, 0x00000000eab00000)
  object space 202240K, 99% used [0x00000000c0000000,0x00000000cc49ab60,0x00000000cc580000)
 Metaspace       used 63635K, committed 64640K, reserved 1114112K
  class space    used 7301K, committed 7744K, reserved 1048576K
}
Event: 37.815 GC heap before
{Heap before GC invocations=274 (full 9):
 PSYoungGen      total 2048K, used 2015K [0x00000000eab00000, 0x00000000eae00000, 0x0000000100000000)
  eden space 1536K, 99% used [0x00000000eab00000,0x00000000eac7ff70,0x00000000eac80000)
  from space 512K, 93% used [0x00000000ead00000,0x00000000ead78000,0x00000000ead80000)
  to   space 512K, 0% used [0x00000000ead80000,0x00000000ead80000,0x00000000eae00000)
 ParOldGen       total 202240K, used 201322K [0x00000000c0000000, 0x00000000cc580000, 0x00000000eab00000)
  object space 202240K, 99% used [0x00000000c0000000,0x00000000cc49ab60,0x00000000cc580000)
 Metaspace       used 63635K, committed 64640K, reserved 1114112K
  class space    used 7301K, committed 7744K, reserved 1048576K
}
Event: 37.817 GC heap after
{Heap after GC invocations=274 (full 9):
 PSYoungGen      total 2048K, used 384K [0x00000000eab00000, 0x00000000eae00000, 0x0000000100000000)
  eden space 1536K, 0% used [0x00000000eab00000,0x00000000eab00000,0x00000000eac80000)
  from space 512K, 75% used [0x00000000ead80000,0x00000000eade0000,0x00000000eae00000)
  to   space 512K, 0% used [0x00000000ead00000,0x00000000ead00000,0x00000000ead80000)
 ParOldGen       total 202240K, used 201667K [0x00000000c0000000, 0x00000000cc580000, 0x00000000eab00000)
  object space 202240K, 99% used [0x00000000c0000000,0x00000000cc4f0f28,0x00000000cc580000)
 Metaspace       used 63635K, committed 64640K, reserved 1114112K
  class space    used 7301K, committed 7744K, reserved 1048576K
}

